{"level":"info","message":"SystemStartup: Log Level is: info","timestamp":"2017-02-13T19:20:47.897Z"}
{"level":"info","message":"PencilBlue: Ensuring indices...","timestamp":"2017-02-13T19:20:49.231Z"}
{"level":"info","message":"ServerInitializer: HTTP server starting, binding on IP 0.0.0.0 and port: 8080","timestamp":"2017-02-13T19:20:49.964Z"}
{"level":"info","message":"SystemStartup: Log Level is: info","timestamp":"2017-02-13T19:32:43.930Z"}
{"level":"info","message":"PencilBlue: Ensuring indices...","timestamp":"2017-02-13T19:32:48.461Z"}
{"level":"info","message":"ServerInitializer: HTTP server starting, binding on IP 0.0.0.0 and port: 8000","timestamp":"2017-02-13T19:33:01.392Z"}
{"level":"info","message":"PencilBlue: Ready to run!","timestamp":"2017-02-13T19:33:01.397Z"}
{"level":"warn","message":"RequestHandler: The active theme is not set.  Defaulting to 'pencilblue'","timestamp":"2017-02-13T19:33:07.636Z"}
{"level":"warn","message":"RequestHandler: The active theme is not set.  Defaulting to 'pencilblue'","timestamp":"2017-02-13T19:33:07.733Z"}
{"level":"warn","message":"RequestHandler: The active theme is not set.  Defaulting to 'pencilblue'","timestamp":"2017-02-13T19:33:15.977Z"}
{"level":"warn","message":"MediaService is deprecated. Please use MediaServiceV2","timestamp":"2017-02-13T19:42:34.768Z"}
{"level":"info","message":"System[M]: Shutdown complete","timestamp":"2017-02-13T19:42:34.790Z"}
{"level":"info","message":"SystemStartup: Log Level is: info","timestamp":"2017-02-13T19:42:39.278Z"}
{"level":"info","message":"PencilBlue: Ensuring indices...","timestamp":"2017-02-13T19:42:40.558Z"}
{"level":"info","message":"ServerInitializer: HTTP server starting, binding on IP 0.0.0.0 and port: 8000","timestamp":"2017-02-13T19:42:40.866Z"}
{"level":"info","message":"PencilBlue: Ready to run!","timestamp":"2017-02-13T19:42:40.869Z"}
{"level":"warn","message":"MediaService is deprecated. Please use MediaServiceV2","timestamp":"2017-02-13T19:42:49.753Z"}
{"level":"warn","message":"MediaService is deprecated. Please use MediaServiceV2","timestamp":"2017-02-13T19:43:05.629Z"}
{"level":"warn","message":"MediaService is deprecated. Please use MediaServiceV2","timestamp":"2017-02-13T19:43:11.355Z"}
{"level":"info","message":"System[M]: Shutdown complete","timestamp":"2017-02-13T19:47:24.346Z"}
{"level":"info","message":"SystemStartup: Log Level is: info","timestamp":"2017-02-13T19:47:58.169Z"}
{"level":"info","message":"PencilBlue: Ensuring indices...","timestamp":"2017-02-13T19:47:59.331Z"}
{"level":"info","message":"ServerInitializer: HTTP server starting, binding on IP 0.0.0.0 and port: 8000","timestamp":"2017-02-13T19:47:59.635Z"}
{"level":"info","message":"PencilBlue: Ready to run!","timestamp":"2017-02-13T19:47:59.639Z"}
{"level":"warn","message":"MediaService is deprecated. Please use MediaServiceV2","timestamp":"2017-02-13T19:48:06.940Z"}
{"level":"info","message":"System[M]: Shutdown complete","timestamp":"2017-02-13T20:10:21.846Z"}
{"level":"info","message":"SystemStartup: Log Level is: info","timestamp":"2017-02-13T20:11:51.289Z"}
{"level":"info","message":"PencilBlue: Ensuring indices...","timestamp":"2017-02-13T20:11:57.154Z"}
{"level":"info","message":"ServerInitializer: HTTP server starting, binding on IP 0.0.0.0 and port: 8000","timestamp":"2017-02-13T20:11:57.664Z"}
{"level":"info","message":"PencilBlue: Ready to run!","timestamp":"2017-02-13T20:11:57.667Z"}
{"level":"info","message":"System[M]: Shutdown complete","timestamp":"2017-02-13T20:15:02.928Z"}
{"level":"info","message":"SystemStartup: Log Level is: info","timestamp":"2017-02-13T20:15:05.845Z"}
{"level":"info","message":"PencilBlue: Ensuring indices...","timestamp":"2017-02-13T20:15:06.969Z"}
{"level":"info","message":"ServerInitializer: HTTP server starting, binding on IP 0.0.0.0 and port: 8000","timestamp":"2017-02-13T20:15:07.271Z"}
{"level":"info","message":"PencilBlue: Ready to run!","timestamp":"2017-02-13T20:15:07.274Z"}
{"level":"info","message":"System[M]: Shutdown complete","timestamp":"2017-02-13T20:17:00.412Z"}
{"level":"info","message":"SystemStartup: Log Level is: info","timestamp":"2017-02-13T20:18:25.576Z"}
{"level":"info","message":"PencilBlue: Ensuring indices...","timestamp":"2017-02-13T20:18:26.903Z"}
{"level":"info","message":"ServerInitializer: HTTP server starting, binding on IP 0.0.0.0 and port: 8000","timestamp":"2017-02-13T20:18:27.196Z"}
{"level":"info","message":"PencilBlue: Ready to run!","timestamp":"2017-02-13T20:18:27.199Z"}
{"level":"info","message":"System[M]: Shutdown complete","timestamp":"2017-02-13T20:21:05.740Z"}
{"level":"info","message":"SystemStartup: Log Level is: info","timestamp":"2017-02-13T20:21:22.296Z"}
{"level":"info","message":"PencilBlue: Ensuring indices...","timestamp":"2017-02-13T20:21:23.521Z"}
{"level":"info","message":"ServerInitializer: HTTP server starting, binding on IP 0.0.0.0 and port: 8000","timestamp":"2017-02-13T20:21:23.816Z"}
{"level":"info","message":"PencilBlue: Ready to run!","timestamp":"2017-02-13T20:21:23.819Z"}
{"level":"info","message":"System[M]: Shutdown complete","timestamp":"2017-02-13T20:23:53.317Z"}
{"level":"info","message":"SystemStartup: Log Level is: info","timestamp":"2017-02-13T20:23:56.688Z"}
{"level":"info","message":"PencilBlue: Ensuring indices...","timestamp":"2017-02-13T20:23:57.978Z"}
{"level":"info","message":"ServerInitializer: HTTP server starting, binding on IP 0.0.0.0 and port: 8000","timestamp":"2017-02-13T20:23:58.303Z"}
{"level":"info","message":"PencilBlue: Ready to run!","timestamp":"2017-02-13T20:23:58.306Z"}
{"level":"info","message":"System[M]: Shutdown complete","timestamp":"2017-02-13T20:26:23.838Z"}
{"level":"info","message":"SystemStartup: Log Level is: info","timestamp":"2017-02-13T20:26:25.682Z"}
{"level":"info","message":"PencilBlue: Ensuring indices...","timestamp":"2017-02-13T20:26:27.047Z"}
{"level":"info","message":"ServerInitializer: HTTP server starting, binding on IP 0.0.0.0 and port: 8000","timestamp":"2017-02-13T20:26:27.550Z"}
{"level":"info","message":"PencilBlue: Ready to run!","timestamp":"2017-02-13T20:26:27.553Z"}
{"level":"info","message":"System[M]: Shutdown complete","timestamp":"2017-02-13T20:32:22.457Z"}
{"level":"info","message":"SystemStartup: Log Level is: info","timestamp":"2017-02-13T20:32:24.243Z"}
{"level":"info","message":"PencilBlue: Ensuring indices...","timestamp":"2017-02-13T20:32:25.995Z"}
{"level":"info","message":"ServerInitializer: HTTP server starting, binding on IP 0.0.0.0 and port: 8000","timestamp":"2017-02-13T20:32:26.351Z"}
{"level":"info","message":"PencilBlue: Ready to run!","timestamp":"2017-02-13T20:32:26.355Z"}
{"level":"info","message":"System[M]: Shutdown complete","timestamp":"2017-02-13T20:33:16.805Z"}
{"level":"info","message":"SystemStartup: Log Level is: info","timestamp":"2017-02-13T20:33:18.377Z"}
{"level":"info","message":"PencilBlue: Ensuring indices...","timestamp":"2017-02-13T20:33:19.899Z"}
{"level":"info","message":"ServerInitializer: HTTP server starting, binding on IP 0.0.0.0 and port: 8000","timestamp":"2017-02-13T20:33:20.208Z"}
{"level":"info","message":"PencilBlue: Ready to run!","timestamp":"2017-02-13T20:33:20.212Z"}
{"level":"info","message":"System[M]: Shutdown complete","timestamp":"2017-02-13T20:34:19.596Z"}
{"level":"info","message":"SystemStartup: Log Level is: info","timestamp":"2017-02-13T20:34:21.535Z"}
{"level":"info","message":"PencilBlue: Ensuring indices...","timestamp":"2017-02-13T20:34:23.164Z"}
{"level":"info","message":"ServerInitializer: HTTP server starting, binding on IP 0.0.0.0 and port: 8000","timestamp":"2017-02-13T20:34:23.642Z"}
{"level":"info","message":"PencilBlue: Ready to run!","timestamp":"2017-02-13T20:34:23.646Z"}
{"level":"info","message":"System[M]: Shutdown complete","timestamp":"2017-02-13T20:36:12.592Z"}
{"level":"info","message":"SystemStartup: Log Level is: info","timestamp":"2017-02-13T20:36:16.666Z"}
{"level":"info","message":"PencilBlue: Ensuring indices...","timestamp":"2017-02-13T20:36:17.889Z"}
{"level":"info","message":"ServerInitializer: HTTP server starting, binding on IP 0.0.0.0 and port: 8000","timestamp":"2017-02-13T20:36:18.221Z"}
{"level":"info","message":"PencilBlue: Ready to run!","timestamp":"2017-02-13T20:36:18.225Z"}
{"level":"info","message":"System[M]: Shutdown complete","timestamp":"2017-02-13T20:41:01.433Z"}
{"level":"info","message":"SystemStartup: Log Level is: info","timestamp":"2017-02-13T20:43:11.835Z"}
{"level":"info","message":"PencilBlue: Ensuring indices...","timestamp":"2017-02-13T20:43:17.161Z"}
{"level":"info","message":"ServerInitializer: HTTP server starting, binding on IP 0.0.0.0 and port: 8000","timestamp":"2017-02-13T20:43:17.560Z"}
{"level":"info","message":"PencilBlue: Ready to run!","timestamp":"2017-02-13T20:43:17.564Z"}
{"level":"info","message":"System[M]: Shutdown complete","timestamp":"2017-02-13T20:46:34.629Z"}
{"level":"info","message":"SystemStartup: Log Level is: info","timestamp":"2017-02-13T20:46:48.671Z"}
{"level":"info","message":"PencilBlue: Ensuring indices...","timestamp":"2017-02-13T20:46:49.935Z"}
{"level":"info","message":"ServerInitializer: HTTP server starting, binding on IP 0.0.0.0 and port: 8000","timestamp":"2017-02-13T20:46:50.308Z"}
{"level":"info","message":"PencilBlue: Ready to run!","timestamp":"2017-02-13T20:46:50.313Z"}
{"level":"info","message":"System[M]: Shutdown complete","timestamp":"2017-02-13T20:51:14.624Z"}
{"level":"info","message":"SystemStartup: Log Level is: info","timestamp":"2017-02-13T20:51:18.672Z"}
{"level":"info","message":"PencilBlue: Ensuring indices...","timestamp":"2017-02-13T20:51:19.991Z"}
{"level":"info","message":"ServerInitializer: HTTP server starting, binding on IP 0.0.0.0 and port: 8000","timestamp":"2017-02-13T20:51:20.287Z"}
{"level":"info","message":"PencilBlue: Ready to run!","timestamp":"2017-02-13T20:51:20.290Z"}
{"level":"warn","message":"MediaService is deprecated. Please use MediaServiceV2","timestamp":"2017-02-13T20:55:19.065Z"}
{"level":"warn","message":"MediaService is deprecated. Please use MediaServiceV2","timestamp":"2017-02-13T20:56:04.658Z"}
{"level":"warn","message":"MediaService is deprecated. Please use MediaServiceV2","timestamp":"2017-02-13T20:56:43.446Z"}
{"level":"warn","message":"MediaService is deprecated. Please use MediaServiceV2","timestamp":"2017-02-13T20:59:02.863Z"}
{"level":"warn","message":"MediaService is deprecated. Please use MediaServiceV2","timestamp":"2017-02-13T21:01:48.608Z"}
{"level":"warn","message":"MediaService is deprecated. Please use MediaServiceV2","timestamp":"2017-02-13T21:02:16.333Z"}
{"level":"info","message":"System[M]: Shutdown complete","timestamp":"2017-02-13T21:17:54.841Z"}
{"level":"info","message":"SystemStartup: Log Level is: info","timestamp":"2017-02-13T21:18:01.973Z"}
{"level":"info","message":"PencilBlue: Ensuring indices...","timestamp":"2017-02-13T21:18:08.040Z"}
{"level":"info","message":"ServerInitializer: HTTP server starting, binding on IP 0.0.0.0 and port: 8000","timestamp":"2017-02-13T21:18:08.468Z"}
{"level":"info","message":"PencilBlue: Ready to run!","timestamp":"2017-02-13T21:18:08.473Z"}
{"level":"info","message":"System[M]: Shutdown complete","timestamp":"2017-02-13T22:27:20.061Z"}
{"level":"info","message":"SystemStartup: Log Level is: info","timestamp":"2017-02-13T23:29:38.822Z"}
{"level":"info","message":"PencilBlue: Ensuring indices...","timestamp":"2017-02-13T23:29:45.001Z"}
{"level":"info","message":"ServerInitializer: HTTP server starting, binding on IP 0.0.0.0 and port: 8000","timestamp":"2017-02-13T23:29:45.779Z"}
{"level":"info","message":"PencilBlue: Ready to run!","timestamp":"2017-02-13T23:29:45.783Z"}
{"level":"info","message":"System[M]: Shutdown complete","timestamp":"2017-02-14T00:27:12.252Z"}
{"level":"info","message":"SystemStartup: Log Level is: info","timestamp":"2017-02-14T00:27:15.811Z"}
{"level":"info","message":"PencilBlue: Ensuring indices...","timestamp":"2017-02-14T00:27:17.380Z"}
{"level":"info","message":"ServerInitializer: HTTP server starting, binding on IP 0.0.0.0 and port: 8000","timestamp":"2017-02-14T00:27:17.761Z"}
{"level":"info","message":"PencilBlue: Ready to run!","timestamp":"2017-02-14T00:27:17.765Z"}
{"level":"info","message":"System[M]: Shutdown complete","timestamp":"2017-02-14T00:37:55.073Z"}
{"level":"info","message":"SystemStartup: Log Level is: info","timestamp":"2017-02-14T00:37:58.856Z"}
{"level":"info","message":"PencilBlue: Ensuring indices...","timestamp":"2017-02-14T00:37:59.992Z"}
{"level":"info","message":"ServerInitializer: HTTP server starting, binding on IP 0.0.0.0 and port: 8000","timestamp":"2017-02-14T00:38:00.315Z"}
{"level":"info","message":"PencilBlue: Ready to run!","timestamp":"2017-02-14T00:38:00.318Z"}
{"level":"info","message":"System[M]: Shutdown complete","timestamp":"2017-02-14T00:42:21.496Z"}
{"level":"info","message":"SystemStartup: Log Level is: info","timestamp":"2017-02-14T00:42:25.163Z"}
{"level":"info","message":"PencilBlue: Ensuring indices...","timestamp":"2017-02-14T00:42:26.443Z"}
{"level":"info","message":"ServerInitializer: HTTP server starting, binding on IP 0.0.0.0 and port: 8000","timestamp":"2017-02-14T00:42:26.838Z"}
{"level":"info","message":"PencilBlue: Ready to run!","timestamp":"2017-02-14T00:42:26.842Z"}
{"level":"info","message":"System[M]: Shutdown complete","timestamp":"2017-02-14T00:59:24.126Z"}
{"level":"info","message":"SystemStartup: Log Level is: info","timestamp":"2017-02-14T00:59:25.813Z"}
{"level":"info","message":"PencilBlue: Ensuring indices...","timestamp":"2017-02-14T00:59:26.947Z"}
{"level":"info","message":"ServerInitializer: HTTP server starting, binding on IP 0.0.0.0 and port: 8000","timestamp":"2017-02-14T00:59:27.270Z"}
{"level":"info","message":"PencilBlue: Ready to run!","timestamp":"2017-02-14T00:59:27.274Z"}
{"level":"info","message":"System[M]: Shutdown complete","timestamp":"2017-02-14T01:00:30.231Z"}
{"level":"info","message":"SystemStartup: Log Level is: info","timestamp":"2017-02-14T01:00:36.408Z"}
{"level":"info","message":"PencilBlue: Ensuring indices...","timestamp":"2017-02-14T01:00:37.640Z"}
{"level":"info","message":"ServerInitializer: HTTP server starting, binding on IP 0.0.0.0 and port: 8000","timestamp":"2017-02-14T01:00:38.020Z"}
{"level":"info","message":"PencilBlue: Ready to run!","timestamp":"2017-02-14T01:00:38.027Z"}
{"level":"info","message":"System[M]: Shutdown complete","timestamp":"2017-02-14T01:06:37.895Z"}
{"level":"info","message":"SystemStartup: Log Level is: info","timestamp":"2017-02-14T01:06:57.336Z"}
{"level":"info","message":"PencilBlue: Ensuring indices...","timestamp":"2017-02-14T01:06:58.475Z"}
{"level":"info","message":"ServerInitializer: HTTP server starting, binding on IP 0.0.0.0 and port: 8000","timestamp":"2017-02-14T01:06:58.797Z"}
{"level":"info","message":"PencilBlue: Ready to run!","timestamp":"2017-02-14T01:06:58.800Z"}
{"level":"info","message":"System[M]: Shutdown complete","timestamp":"2017-02-14T01:08:08.198Z"}
{"level":"info","message":"SystemStartup: Log Level is: info","timestamp":"2017-02-14T01:08:10.046Z"}
{"level":"info","message":"PencilBlue: Ensuring indices...","timestamp":"2017-02-14T01:08:11.333Z"}
{"level":"info","message":"ServerInitializer: HTTP server starting, binding on IP 0.0.0.0 and port: 8000","timestamp":"2017-02-14T01:08:11.653Z"}
{"level":"info","message":"PencilBlue: Ready to run!","timestamp":"2017-02-14T01:08:11.657Z"}
{"level":"info","message":"System[M]: Shutdown complete","timestamp":"2017-02-14T01:08:36.036Z"}
{"level":"info","message":"SystemStartup: Log Level is: info","timestamp":"2017-02-14T01:09:17.995Z"}
{"level":"info","message":"PencilBlue: Ensuring indices...","timestamp":"2017-02-14T01:09:19.125Z"}
{"level":"info","message":"ServerInitializer: HTTP server starting, binding on IP 0.0.0.0 and port: 8000","timestamp":"2017-02-14T01:09:19.461Z"}
{"level":"info","message":"PencilBlue: Ready to run!","timestamp":"2017-02-14T01:09:19.478Z"}
{"level":"warn","message":"MediaService is deprecated. Please use MediaServiceV2","timestamp":"2017-02-14T02:01:47.826Z"}
{"level":"warn","message":"MediaService is deprecated. Please use MediaServiceV2","timestamp":"2017-02-14T02:03:13.703Z"}
{"level":"warn","message":"MediaService is deprecated. Please use MediaServiceV2","timestamp":"2017-02-14T02:03:48.029Z"}
{"level":"info","message":"Removed temporary file: /tmp/upload_e3d382f73ee06832c3fbbebbc47e0bcd","timestamp":"2017-02-14T02:03:48.434Z"}
{"level":"warn","message":"MediaService is deprecated. Please use MediaServiceV2","timestamp":"2017-02-14T02:03:48.472Z"}
{"level":"warn","message":"MediaService is deprecated. Please use MediaServiceV2","timestamp":"2017-02-14T02:04:06.576Z"}
{"level":"warn","message":"MediaService is deprecated. Please use MediaServiceV2","timestamp":"2017-02-14T02:37:05.578Z"}
{"level":"warn","message":"MediaService is deprecated. Please use MediaServiceV2","timestamp":"2017-02-14T02:37:34.950Z"}
{"level":"info","message":"Removed temporary file: /tmp/upload_dedcb9c67025f0cde01c79d2a0ff0061","timestamp":"2017-02-14T02:37:35.958Z"}
{"level":"warn","message":"MediaService is deprecated. Please use MediaServiceV2","timestamp":"2017-02-14T02:37:35.975Z"}
{"level":"info","message":"System[M]: Shutdown complete","timestamp":"2017-02-14T12:18:40.471Z"}
